<?xml version="1.0" encoding="UTF-8"?>
<!-- Generated by org.testng.reporters.JUnitReportReporter -->
<testsuite hostname="LAPTOP-D6MPIRCO" failures="0" tests="1" name="Test1.Test123" time="19.341" errors="0" timestamp="15 Dec 2017 03:19:44 GMT">
  <testcase classname="Test1.Test123" name="testingGrid" time="19.341"/>
</testsuite> <!-- Test1.Test123 -->
